<?xml version="1.0" encoding="UTF-8"?>
<!-- Generated by org.testng.reporters.JUnitReportReporter -->
<testsuite hostname="Manish" failures="0" tests="2" name="cucumberOptions.TestRunnerFile" time="15.644" errors="0" timestamp="2024-12-19T23:30:18 IST" skipped="0">
  <testcase classname="cucumberOptions.TestRunnerFile" name="runScenario" time="7.930"/>
  <testcase classname="cucumberOptions.TestRunnerFile" name="runScenario" time="7.714"/>
</testsuite> <!-- cucumberOptions.TestRunnerFile -->
